<?xml version="1.0" encoding="UTF-8"?>
<testng-results ignored="0" total="1" passed="1" failed="0" skipped="0">
  <reporter-output>
  </reporter-output>
  <suite started-at="2023-09-21T20:13:24 UTC" name="Surefire suite" finished-at="2023-09-21T20:13:31 UTC" duration-ms="6584">
    <groups>
    </groups>
    <test started-at="2023-09-21T20:13:24 UTC" name="Surefire test" finished-at="2023-09-21T20:13:31 UTC" duration-ms="6584">
      <class name="runner.Testcase3">
        <test-method is-config="true" signature="beforeMethod()[pri:0, instance:runner.Testcase3@22ff4249]" started-at="2023-09-21T20:13:24 UTC" name="beforeMethod" finished-at="2023-09-21T20:13:28 UTC" duration-ms="4075" status="PASS">
          <reporter-output>
          </reporter-output>
        </test-method> <!-- beforeMethod -->
        <test-method signature="TC_003()[pri:3, instance:runner.Testcase3@22ff4249]" started-at="2023-09-21T20:13:28 UTC" name="TC_003" finished-at="2023-09-21T20:13:30 UTC" duration-ms="1990" status="PASS">
          <reporter-output>
          </reporter-output>
        </test-method> <!-- TC_003 -->
        <test-method is-config="true" signature="afterMethod()[pri:0, instance:runner.Testcase3@22ff4249]" started-at="2023-09-21T20:13:30 UTC" name="afterMethod" finished-at="2023-09-21T20:13:31 UTC" duration-ms="431" status="PASS">
          <reporter-output>
          </reporter-output>
        </test-method> <!-- afterMethod -->
      </class> <!-- runner.Testcase3 -->
    </test> <!-- Surefire test -->
  </suite> <!-- Surefire suite -->
</testng-results>
